  stdafx.cpp
  CombinatorialObjectsExe.cpp
c:\users\łukasz kępka\source\repos\combinatorialobjectslib\combinatorialobjectslib\positionalnumeralsystem.h(66): warning C4244: 'return': conversion from 'double' to 'unsigned long', possible loss of data
  c:\users\łukasz kępka\source\repos\combinatorialobjectslib\combinatorialobjectslib\positionalnumeralsystem.h(65): note: while compiling class template member function 'unsigned long CombinatorialObjectsLib::Extras::NumberRepresentation::PositionalNumeralSystem<2>::getWeight(unsigned int)'
  c:\users\łukasz kępka\desktop\nowy folder\combinatorialobjectslib\combinatorialobjectsexe\combinatorialobjectsexe.cpp(60): note: see reference to class template instantiation 'CombinatorialObjectsLib::Extras::NumberRepresentation::PositionalNumeralSystem<2>' being compiled
c:\users\łukasz kępka\source\repos\combinatorialobjectslib\combinatorialobjectslib\variationgenerator_wreps.h(44): warning C4018: '<': signed/unsigned mismatch
  c:\users\łukasz kępka\source\repos\combinatorialobjectslib\combinatorialobjectslib\variationgenerator_wreps.h(31): note: while compiling class template member function 'std::vector<std::vector<Type,std::allocator<char>>,std::allocator<_Ty>> CombinatorialObjectsLib::VariationGenerator_wReps<Type>::GenerateAllVariations(unsigned int) const'
          with
          [
              Type=char,
              _Ty=std::vector<char,std::allocator<char>>
          ]
  c:\users\łukasz kępka\desktop\nowy folder\combinatorialobjectslib\combinatorialobjectsexe\combinatorialobjectsexe.cpp(57): note: see reference to function template instantiation 'std::vector<std::vector<Type,std::allocator<char>>,std::allocator<_Ty>> CombinatorialObjectsLib::VariationGenerator_wReps<Type>::GenerateAllVariations(unsigned int) const' being compiled
          with
          [
              Type=char,
              _Ty=std::vector<char,std::allocator<char>>
          ]
  c:\users\łukasz kępka\desktop\nowy folder\combinatorialobjectslib\combinatorialobjectsexe\combinatorialobjectsexe.cpp(56): note: see reference to class template instantiation 'CombinatorialObjectsLib::VariationGenerator_wReps<char>' being compiled
  Generating Code...
c:\users\łukasz kępka\desktop\nowy folder\combinatorialobjectslib\combinatorialobjectsexe\combinatorialobjectsexe.cpp(48): warning C4715: 'rek': not all control paths return a value
  LINK : C:\Users\Łukasz Kępka\Desktop\Nowy folder\CombinatorialObjectsLib\Debug\CombinatorialObjectsExe.exe not found or not built by the last incremental link; performing full link
  CombinatorialObjectsExe.vcxproj -> C:\Users\Łukasz Kępka\Desktop\Nowy folder\CombinatorialObjectsLib\Debug\CombinatorialObjectsExe.exe
  CombinatorialObjectsExe.vcxproj -> C:\Users\Łukasz Kępka\Desktop\Nowy folder\CombinatorialObjectsLib\Debug\CombinatorialObjectsExe.pdb (Full PDB)
